# JRE version: OpenJDK Runtime Environment Microsoft-8035246 (17.0.8+7) (build 17.0.8+7-LTS)
# Java VM: OpenJDK 64-Bit Server VM Microsoft-8035246 (17.0.8+7-LTS, mixed mode, sharing, tiered, compressed oops, compressed class ptrs, g1 gc, windows-amd64)
GC Precious Log:
 CPUs: 20 total, 20 available
 Memory: 32591M
 Large Page Support: Disabled
 NUMA Support: Disabled
 Compressed Oops: Enabled (32-bit)
 Heap Region Size: 1M
 Heap Min Capacity: 8M
 Heap Initial Capacity: 510M
 Heap Max Capacity: 2G
 Pre-touch: Disabled
 Parallel Workers: 15
 Concurrent Workers: 4
 Concurrent Refinement Workers: 15
 Periodic GC: Disabled
Heap:
 garbage-first heap   total 245760K, used 179701K [0x0000000080000000, 0x0000000100000000)
  region size 1024K, 22 young (22528K), 4 survivors (4096K)
 Metaspace       used 108646K, committed 109696K, reserved 557056K
  class space    used 14859K, committed 15360K, reserved 425984K
GC Heap History (20 events):
Event: 36.154 GC heap before
{Heap before GC invocations=26 (full 0):
 garbage-first heap   total 232448K, used 171764K [0x0000000080000000, 0x0000000100000000)
  region size 1024K, 44 young (45056K), 2 survivors (2048K)
 Metaspace       used 96263K, committed 97152K, reserved 557056K
  class space    used 13139K, committed 13568K, reserved 425984K
}
Event: 36.157 GC heap after
{Heap after GC invocations=27 (full 0):
 garbage-first heap   total 232448K, used 134494K [0x0000000080000000, 0x0000000100000000)
  region size 1024K, 6 young (6144K), 6 survivors (6144K)
 Metaspace       used 96263K, committed 97152K, reserved 557056K
  class space    used 13139K, committed 13568K, reserved 425984K
}
Event: 37.120 GC heap before
{Heap before GC invocations=27 (full 0):
 garbage-first heap   total 232448K, used 139614K [0x0000000080000000, 0x0000000100000000)
  region size 1024K, 11 young (11264K), 6 survivors (6144K)
 Metaspace       used 96317K, committed 97216K, reserved 557056K
  class space    used 13140K, committed 13568K, reserved 425984K
}
Event: 37.122 GC heap after
{Heap after GC invocations=28 (full 0):
 garbage-first heap   total 232448K, used 135240K [0x0000000080000000, 0x0000000100000000)
  region size 1024K, 2 young (2048K), 2 survivors (2048K)
 Metaspace       used 96317K, committed 97216K, reserved 557056K
  class space    used 13140K, committed 13568K, reserved 425984K
}
Event: 37.305 GC heap before
{Heap before GC invocations=28 (full 0):
 garbage-first heap   total 232448K, used 186440K [0x0000000080000000, 0x0000000100000000)
  region size 1024K, 53 young (54272K), 2 survivors (2048K)
 Metaspace       used 96677K, committed 97664K, reserved 557056K
  class space    used 13159K, committed 13632K, reserved 425984K
}
Event: 37.308 GC heap after
{Heap after GC invocations=29 (full 0):
 garbage-first heap   total 232448K, used 144513K [0x0000000080000000, 0x0000000100000000)
  region size 1024K, 7 young (7168K), 7 survivors (7168K)
 Metaspace       used 96677K, committed 97664K, reserved 557056K
  class space    used 13159K, committed 13632K, reserved 425984K
}
Event: 37.678 GC heap before
{Heap before GC invocations=30 (full 0):
 garbage-first heap   total 245760K, used 188545K [0x0000000080000000, 0x0000000100000000)
  region size 1024K, 50 young (51200K), 7 survivors (7168K)
 Metaspace       used 99895K, committed 100800K, reserved 557056K
  class space    used 13655K, committed 14080K, reserved 425984K
}
Event: 37.682 GC heap after
{Heap after GC invocations=31 (full 0):
 garbage-first heap   total 245760K, used 147560K [0x0000000080000000, 0x0000000100000000)
  region size 1024K, 3 young (3072K), 3 survivors (3072K)
 Metaspace       used 99895K, committed 100800K, reserved 557056K
  class space    used 13655K, committed 14080K, reserved 425984K
}
Event: 37.769 GC heap before
{Heap before GC invocations=31 (full 0):
 garbage-first heap   total 245760K, used 156776K [0x0000000080000000, 0x0000000100000000)
  region size 1024K, 12 young (12288K), 3 survivors (3072K)
 Metaspace       used 101349K, committed 102272K, reserved 557056K
  class space    used 13819K, committed 14272K, reserved 425984K
}
Event: 37.771 GC heap after
{Heap after GC invocations=32 (full 0):
 garbage-first heap   total 245760K, used 139348K [0x0000000080000000, 0x0000000100000000)
  region size 1024K, 1 young (1024K), 1 survivors (1024K)
 Metaspace       used 101349K, committed 102272K, reserved 557056K
  class space    used 13819K, committed 14272K, reserved 425984K
}
Event: 38.180 GC heap before
{Heap before GC invocations=32 (full 0):
 garbage-first heap   total 245760K, used 197716K [0x0000000080000000, 0x0000000100000000)
  region size 1024K, 58 young (59392K), 1 survivors (1024K)
 Metaspace       used 104200K, committed 105152K, reserved 557056K
  class space    used 14178K, committed 14656K, reserved 425984K
}
Event: 38.182 GC heap after
{Heap after GC invocations=33 (full 0):
 garbage-first heap   total 245760K, used 144192K [0x0000000080000000, 0x0000000100000000)
  region size 1024K, 6 young (6144K), 6 survivors (6144K)
 Metaspace       used 104200K, committed 105152K, reserved 557056K
  class space    used 14178K, committed 14656K, reserved 425984K
}
Event: 38.494 GC heap before
{Heap before GC invocations=33 (full 0):
 garbage-first heap   total 245760K, used 200512K [0x0000000080000000, 0x0000000100000000)
  region size 1024K, 61 young (62464K), 6 survivors (6144K)
 Metaspace       used 105087K, committed 106048K, reserved 557056K
  class space    used 14272K, committed 14720K, reserved 425984K
}
Event: 38.497 GC heap after
{Heap after GC invocations=34 (full 0):
 garbage-first heap   total 245760K, used 150308K [0x0000000080000000, 0x0000000100000000)
  region size 1024K, 7 young (7168K), 7 survivors (7168K)
 Metaspace       used 105087K, committed 106048K, reserved 557056K
  class space    used 14272K, committed 14720K, reserved 425984K
}
Event: 38.700 GC heap before
{Heap before GC invocations=34 (full 0):
 garbage-first heap   total 245760K, used 201508K [0x0000000080000000, 0x0000000100000000)
  region size 1024K, 58 young (59392K), 7 survivors (7168K)
 Metaspace       used 106449K, committed 107456K, reserved 557056K
  class space    used 14558K, committed 15040K, reserved 425984K
}
Event: 38.702 GC heap after
{Heap after GC invocations=35 (full 0):
 garbage-first heap   total 245760K, used 153699K [0x0000000080000000, 0x0000000100000000)
  region size 1024K, 4 young (4096K), 4 survivors (4096K)
 Metaspace       used 106449K, committed 107456K, reserved 557056K
  class space    used 14558K, committed 15040K, reserved 425984K
}
Event: 38.998 GC heap before
{Heap before GC invocations=35 (full 0):
 garbage-first heap   total 245760K, used 203875K [0x0000000080000000, 0x0000000100000000)
  region size 1024K, 54 young (55296K), 4 survivors (4096K)
 Metaspace       used 108615K, committed 109632K, reserved 557056K
  class space    used 14858K, committed 15360K, reserved 425984K
}
Event: 39.001 GC heap after
{Heap after GC invocations=36 (full 0):
 garbage-first heap   total 245760K, used 158934K [0x0000000080000000, 0x0000000100000000)
  region size 1024K, 7 young (7168K), 7 survivors (7168K)
 Metaspace       used 108615K, committed 109632K, reserved 557056K
  class space    used 14858K, committed 15360K, reserved 425984K
}
Event: 39.113 GC heap before
{Heap before GC invocations=36 (full 0):
 garbage-first heap   total 245760K, used 205014K [0x0000000080000000, 0x0000000100000000)
  region size 1024K, 53 young (54272K), 7 survivors (7168K)
 Metaspace       used 108642K, committed 109696K, reserved 557056K
  class space    used 14859K, committed 15360K, reserved 425984K
}
Event: 39.115 GC heap after
{Heap after GC invocations=37 (full 0):
 garbage-first heap   total 245760K, used 162293K [0x0000000080000000, 0x0000000100000000)
  region size 1024K, 4 young (4096K), 4 survivors (4096K)
 Metaspace       used 108642K, committed 109696K, reserved 557056K
  class space    used 14859K, committed 15360K, reserved 425984K
}

